[6:7:24] Created Drone 0
[6:7:24] Created Drone 1
[6:7:24] Created Drone 2
[6:7:24] Created Drone 3
[6:7:24] Created Drone 4
[6:7:24] Drone 1 received order from Central
[6:7:24] Drone 1 moved to Warehouse Warehouse1
[6:7:25] Drone updated stock of Warehouse Warehouse1
[6:7:24] Created Warehouse 0 with PID: 2792
[6:7:24] Created Warehouse 1 with PID: 2793
[11:36:58] Created Drone 0
[11:36:58] Created Drone 1
[11:36:58] Created Drone 2
[11:36:58] Created Drone 3
[11:36:58] Created Drone 4
[11:36:58] Drone 1 received order from Central
[11:36:58] Drone 1 moved to Warehouse Warehouse1
[11:36:59] Drone updated stock of Warehouse Warehouse1
[11:36:58] Created Warehouse 0 with PID: 3321
[11:36:58] Created Warehouse 1 with PID: 3322
[23:59:4] Created Drone 0
[23:59:4] Created Drone 1
[23:59:4] Created Drone 2
[23:59:4] Created Drone 3
[23:59:4] Created Drone 4
[0:0:38] Created Drone 0
[0:0:38] Created Drone 1
[0:0:38] Created Drone 2
[0:0:38] Created Drone 3
[0:0:38] Created Drone 4
[0:3:0] Created Drone 0
[0:3:0] Created Drone 1
[0:3:0] Created Drone 2
[0:3:0] Created Drone 3
[0:3:0] Created Drone 4
[0:8:18] Created Drone 0
[0:8:18] Created Drone 1
[0:8:18] Created Drone 2
[0:8:18] Created Drone 3
[0:8:18] Created Drone 4
[0:10:55] Created Drone 0
[0:10:55] Created Drone 1
[0:10:55] Created Drone 2
[0:10:55] Created Drone 3
[0:10:55] Created Drone 4
[0:13:8] Created Drone 0
[0:13:8] Created Drone 1
[0:13:8] Created Drone 2
[0:13:8] Created Drone 3
[0:13:8] Created Drone 4
[0:18:8] Created Drone 0
[0:18:8] Created Drone 1
[0:18:8] Created Drone 2
[0:18:8] Created Drone 3
[0:18:8] Created Drone 4
[0:22:41] Created Drone 0
[0:22:41] Created Drone 1
[0:22:41] Created Drone 2
[0:22:41] Created Drone 3
[0:22:41] Created Drone 4
[0:26:56] Created Drone 0
[0:26:56] Created Drone 1
[0:26:56] Created Drone 2
[0:26:56] Created Drone 3
[0:26:56] Created Drone 4
[0:26:56] Created Warehouse 0 with PID: 1133
[0:26:56] Created Warehouse 1 with PID: 1134
[0:27:20] Created Drone 0
[0:27:20] Created Drone 1
[0:27:20] Created Drone 2
[0:27:20] Created Drone 3
[0:27:20] Created Drone 4
[0:27:20] Created Warehouse 0 with PID: 1137
[0:27:20] Created Warehouse 1 with PID: 1138
[0:28:52] Created Drone 0
[0:28:52] Created Drone 1
[0:28:52] Created Drone 2
[0:28:52] Created Drone 3
[0:28:52] Created Drone 4
[0:28:52] Created Warehouse 1 with PID: 1191
[0:28:52] Created Warehouse 0 with PID: 1190
[0:30:12] Created Drone 0
[0:30:12] Created Drone 1
[0:30:12] Created Drone 2
[0:30:12] Created Drone 3
[0:30:12] Created Drone 4
[0:30:12] Created Warehouse 1 with PID: 1223
[0:30:12] Created Warehouse 0 with PID: 1222
[0:30:34] Created Drone 0
[0:30:34] Created Drone 1
[0:30:34] Created Drone 2
[0:30:34] Created Drone 3
[0:30:34] Created Drone 4
[0:30:34] Created Warehouse 0 with PID: 1245
[0:30:34] Created Warehouse 1 with PID: 1246
[0:30:53] Created Drone 0
[0:30:53] Created Drone 1
[0:30:53] Created Drone 2
[0:30:53] Created Drone 3
[0:30:53] Created Drone 4
[0:30:53] Created Warehouse 0 with PID: 1268
[0:30:53] Created Warehouse 1 with PID: 1269
[0:34:37] Created Drone 0
[0:34:37] Created Drone 1
[0:34:37] Created Drone 2
[0:34:37] Created Drone 3
[0:34:37] Created Drone 4
[0:34:37] Created Warehouse 1 with PID: 1371
[0:34:37] Created Warehouse 0 with PID: 1370
[0:35:54] Created Drone 0
[0:35:54] Created Drone 1
[0:35:54] Created Drone 2
[0:35:54] Created Drone 3
[0:35:54] Created Drone 4
[0:35:54] Created Warehouse 1 with PID: 1430
[0:35:54] Created Warehouse 0 with PID: 1429
[0:36:42] Created Warehouse 1 with PID: 1452
[0:36:42] Created Warehouse 0 with PID: 1451
[0:36:42] Created Drone 0
[0:36:42] Created Drone 1
[0:36:42] Created Drone 2
[0:36:42] Created Drone 3
[0:36:42] Created Drone 4
[16:35:30] Created Warehouse 0 with PID: 2163
[16:35:30] Created Warehouse 1 with PID: 2164
[16:35:30] Created Drone 0
[16:35:30] Created Drone 1
[16:35:30] Created Drone 2
[16:35:30] Created Drone 3
[16:35:30] Created Drone 4
[16:41:21] Created Warehouse 1 with PID: 2263
[16:41:21] Created Warehouse 0 with PID: 2262
[16:41:21] Created Drone 0
[16:41:21] Created Drone 1
[16:41:21] Created Drone 2
[16:41:21] Created Drone 3
[16:41:21] Created Drone 4
[0:52:34] Created Warehouse 0 with PID: 7365
[0:52:34] Created Warehouse 1 with PID: 7366
[0:52:34] Created Drone 0
[0:52:34] Created Drone 1
[0:52:34] Created Drone 2
[0:52:34] Created Drone 3
[0:52:34] Created Drone 4
[0:56:24] Created Warehouse 1 with PID: 7408
[0:56:24] Created Warehouse 0 with PID: 7407
[0:56:24] Created Drone 0
[0:56:24] Created Drone 1
[0:56:24] Created Drone 2
[0:56:24] Created Drone 3
[0:56:24] Created Drone 4
[1:11:56] Created Warehouse 1 with PID: 7863
[1:11:56] Created Warehouse 0 with PID: 7862
[1:11:56] Created Drone 0
[1:11:56] Created Drone 1
[1:11:56] Created Drone 2
[1:11:56] Created Drone 3
[1:11:56] Created Drone 4
[17:21:8] Created Warehouse 0 with PID: 2355
[17:21:8] Created Warehouse 1 with PID: 2356
[17:21:8] Created Drone 0
[17:21:8] Created Drone 1
[17:21:8] Created Drone 2
[17:21:8] Created Drone 3
[17:21:8] Created Drone 4
[17:28:54] Created Warehouse 0 with PID: 2413
[17:28:54] Created Warehouse 1 with PID: 2414
[17:28:54] Created Drone 0
[17:28:54] Created Drone 1
[17:28:54] Created Drone 2
[17:28:54] Created Drone 3
[17:28:54] Created Drone 4
[17:37:55] Created Drone 0
[17:37:55] Created Drone 1
[17:37:55] Created Drone 2
[17:37:55] Created Drone 3
[17:37:55] Created Drone 4
[17:37:55] Created Warehouse 0 with PID: 2594
[17:37:55] Created Warehouse 1 with PID: 2595
[17:39:16] Created Warehouse 1 with PID: 2623
[17:39:16] Created Warehouse 0 with PID: 2622
[17:39:16] Created Drone 0
[17:39:16] Created Drone 1
[17:39:16] Created Drone 2
[17:39:16] Created Drone 3
[17:39:16] Created Drone 4
[17:39:28] Created Drone 0
[17:39:28] Created Drone 1
[17:39:28] Created Drone 2
[17:39:28] Created Drone 3
[17:39:28] Created Drone 4
[17:39:28] Created Warehouse 1 with PID: 2632
[17:39:28] Created Warehouse 0 with PID: 2631
[17:40:32] Created Drone 0
[17:40:32] Created Drone 1
[17:40:32] Created Drone 2
[17:40:32] Created Drone 3
[17:40:32] Created Drone 4
[17:40:32] Created Warehouse 0 with PID: 2662
[17:40:32] Created Warehouse 1 with PID: 2663
[17:41:17] Created Drone 0
[17:41:17] Created Drone 1
[17:41:17] Created Drone 2
[17:41:17] Created Drone 3
[17:41:17] Created Drone 4
[17:41:17] Created Warehouse 0 with PID: 2692
[17:41:17] Created Warehouse 1 with PID: 2693
[17:43:48] Created Warehouse 0 with PID: 2722
[17:43:48] Created Warehouse 1 with PID: 2723
[17:43:48] Created Drone 0
[17:43:48] Created Drone 1
[17:43:48] Created Drone 2
[17:43:48] Created Drone 3
[17:43:48] Created Drone 4
[17:44:3] Created Drone 0
[17:44:3] Created Drone 1
[17:44:3] Created Drone 2
[17:44:3] Created Drone 3
[17:44:3] Created Drone 4
[17:44:3] Created Drone 5
[17:44:3] Created Drone 6
[17:44:3] Created Drone 7
[17:44:3] Created Drone 8
[17:44:3] Created Drone 9
[17:46:10] Created Warehouse 0 with PID: 2827
[17:46:10] Created Warehouse 1 with PID: 2828
[17:46:10] Created Drone 0
[17:46:10] Created Drone 1
[17:46:10] Created Drone 2
[17:46:10] Created Drone 3
[17:46:10] Created Drone 4
[17:46:23] Created Warehouse 0 with PID: 2837
[17:46:23] Created Drone 0
[17:46:23] Created Drone 1
[17:46:23] Created Drone 2
[17:46:23] Created Drone 3
[17:46:23] Created Drone 4
[17:46:38] Created Drone 0
[17:46:38] Created Drone 1
[17:46:38] Created Drone 2
[17:46:38] Created Drone 3
[17:46:38] Created Drone 4
[17:46:38] Created Drone 5
[17:46:38] Created Drone 6
[17:46:38] Created Drone 7
[17:46:38] Created Drone 8
[17:46:38] Created Drone 9
[17:46:23] Created Warehouse 1 with PID: 2838
